<?xml version="1.0" encoding="UTF-8"?>
<testng-results ignored="0" total="2" passed="2" failed="0" skipped="0">
  <reporter-output>
  </reporter-output>
  <suite started-at="2024-05-04T11:49:48 IST" name="Default suite" finished-at="2024-05-04T11:50:01 IST" duration-ms="12136">
    <groups>
    </groups>
    <test started-at="2024-05-04T11:49:48 IST" name="Default test" finished-at="2024-05-04T11:50:01 IST" duration-ms="12136">
      <class name="mytest.Program1">
        <test-method is-config="true" signature="setup()[pri:0, instance:mytest.Program1@5656be13]" started-at="2024-05-04T11:49:48 IST" name="setup" finished-at="2024-05-04T11:49:54 IST" duration-ms="5960" status="PASS">
          <reporter-output>
          </reporter-output>
        </test-method> <!-- setup -->
        <test-method signature="logo()[pri:0, instance:mytest.Program1@5656be13]" started-at="2024-05-04T11:49:54 IST" name="logo" finished-at="2024-05-04T11:49:56 IST" duration-ms="1206" status="PASS">
          <reporter-output>
          </reporter-output>
        </test-method> <!-- logo -->
        <test-method is-config="true" signature="teardown()[pri:0, instance:mytest.Program1@5656be13]" started-at="2024-05-04T11:49:56 IST" name="teardown" finished-at="2024-05-04T11:49:56 IST" duration-ms="336" status="PASS">
          <reporter-output>
          </reporter-output>
        </test-method> <!-- teardown -->
        <test-method is-config="true" signature="setup()[pri:0, instance:mytest.Program1@5656be13]" started-at="2024-05-04T11:49:56 IST" name="setup" finished-at="2024-05-04T11:50:00 IST" duration-ms="4374" status="PASS">
          <reporter-output>
          </reporter-output>
        </test-method> <!-- setup -->
        <test-method signature="verifyTitle()[pri:0, instance:mytest.Program1@5656be13]" started-at="2024-05-04T11:50:00 IST" name="verifyTitle" finished-at="2024-05-04T11:50:00 IST" duration-ms="12" status="PASS">
          <reporter-output>
          </reporter-output>
        </test-method> <!-- verifyTitle -->
        <test-method is-config="true" signature="teardown()[pri:0, instance:mytest.Program1@5656be13]" started-at="2024-05-04T11:50:00 IST" name="teardown" finished-at="2024-05-04T11:50:01 IST" duration-ms="196" status="PASS">
          <reporter-output>
          </reporter-output>
        </test-method> <!-- teardown -->
      </class> <!-- mytest.Program1 -->
    </test> <!-- Default test -->
  </suite> <!-- Default suite -->
</testng-results>
